app/build/intermediates/manifest_merge_blame_file/debug/processDebugMainManifest/manifest-merger-blame-debug-report.txt
1<?xml version="1.0" encoding="utf-8"?>
2<manifest xmlns:android="http://schemas.android.com/apk/res/android"
3    package="com.example.prayertracker"
4    android:versionCode="1"
5    android:versionName="1.0" >
6
7    <uses-sdk
8        android:minSdkVersion="24"
9        android:targetSdkVersion="35" />
10
11    <uses-permission android:name="android.permission.INTERNET" />
11-->src\main\AndroidManifest.xml:2:5-67
11-->src\main\AndroidManifest.xml:2:22-64
12    <uses-permission android:name="android.permission.ACCESS_COARSE_LOCATION" />
12-->src\main\AndroidManifest.xml:3:5-81
12-->src\main\AndroidManifest.xml:3:22-78
13    <uses-permission android:name="android.permission.ACCESS_FINE_LOCATION" />
13-->src\main\AndroidManifest.xml:4:5-79
13-->src\main\AndroidManifest.xml:4:22-76
14    <uses-permission android:name="android.permission.POST_NOTIFICATIONS" />
14-->src\main\AndroidManifest.xml:5:5-77
14-->src\main\AndroidManifest.xml:5:22-74
15    <uses-permission android:name="android.permission.SCHEDULE_EXACT_ALARM" />
15-->src\main\AndroidManifest.xml:6:5-79
15-->src\main\AndroidManifest.xml:6:22-76
16    <uses-permission android:name="android.permission.RECEIVE_BOOT_COMPLETED" />
16-->src\main\AndroidManifest.xml:7:5-81
16-->src\main\AndroidManifest.xml:7:22-78
17
18    <permission
18-->[androidx.core:core:1.13.1] AndroidManifest.xml:22:5-24:47
19        android:name="com.example.prayertracker.DYNAMIC_RECEIVER_NOT_EXPORTED_PERMISSION"
19-->[androidx.core:core:1.13.1] AndroidManifest.xml:23:9-81
20        android:protectionLevel="signature" />
20-->[androidx.core:core:1.13.1] AndroidManifest.xml:24:9-44
21
22    <uses-permission android:name="com.example.prayertracker.DYNAMIC_RECEIVER_NOT_EXPORTED_PERMISSION" />
22-->[androidx.core:core:1.13.1] AndroidManifest.xml:26:5-97
22-->[androidx.core:core:1.13.1] AndroidManifest.xml:26:22-94
23
24    <application
24-->src\main\AndroidManifest.xml:9:5-46:19
25        android:allowBackup="true"
25-->src\main\AndroidManifest.xml:10:9-35
26        android:appComponentFactory="androidx.core.app.CoreComponentFactory"
26-->[androidx.core:core:1.13.1] AndroidManifest.xml:28:18-86
27        android:debuggable="true"
28        android:extractNativeLibs="false"
29        android:fullBackupContent="@xml/backup_rules"
29-->src\main\AndroidManifest.xml:11:9-54
30        android:icon="@drawable/app_icon"
30-->src\main\AndroidManifest.xml:12:9-42
31        android:label="@string/app_name"
31-->src\main\AndroidManifest.xml:13:9-41
32        android:roundIcon="@drawable/app_icon"
32-->src\main\AndroidManifest.xml:14:9-47
33        android:supportsRtl="true"
33-->src\main\AndroidManifest.xml:15:9-35
34        android:theme="@style/Theme.PrayerTracker" >
34-->src\main\AndroidManifest.xml:16:9-51
35        <activity
35-->src\main\AndroidManifest.xml:18:9-25:20
36            android:name="com.example.prayertracker.MainActivity"
36-->src\main\AndroidManifest.xml:19:13-41
37            android:exported="true" >
37-->src\main\AndroidManifest.xml:20:13-36
38            <intent-filter>
38-->src\main\AndroidManifest.xml:21:13-24:29
39                <action android:name="android.intent.action.MAIN" />
39-->src\main\AndroidManifest.xml:22:17-69
39-->src\main\AndroidManifest.xml:22:25-66
40
41                <category android:name="android.intent.category.LAUNCHER" />
41-->src\main\AndroidManifest.xml:23:17-77
41-->src\main\AndroidManifest.xml:23:27-74
42            </intent-filter>
43        </activity>
44
45        <receiver
45-->src\main\AndroidManifest.xml:27:9-29:40
46            android:name="com.example.prayertracker.NotificationReceiver"
46-->src\main\AndroidManifest.xml:28:13-49
47            android:exported="false" />
47-->src\main\AndroidManifest.xml:29:13-37
48        <receiver
48-->src\main\AndroidManifest.xml:31:9-38:20
49            android:name="com.example.prayertracker.BootReceiver"
49-->src\main\AndroidManifest.xml:32:13-41
50            android:exported="false" >
50-->src\main\AndroidManifest.xml:33:13-37
51            <intent-filter>
51-->src\main\AndroidManifest.xml:34:13-37:29
52                <action android:name="android.intent.action.BOOT_COMPLETED" />
52-->src\main\AndroidManifest.xml:35:17-79
52-->src\main\AndroidManifest.xml:35:25-76
53                <action android:name="android.intent.action.MY_PACKAGE_REPLACED" />
53-->src\main\AndroidManifest.xml:36:17-84
53-->src\main\AndroidManifest.xml:36:25-81
54            </intent-filter>
55        </receiver>
56
57        <activity
57-->src\main\AndroidManifest.xml:40:9-45:57
58            android:name="com.example.prayertracker.AlarmActivity"
58-->src\main\AndroidManifest.xml:41:13-42
59            android:exported="false"
59-->src\main\AndroidManifest.xml:42:13-37
60            android:showWhenLocked="true"
60-->src\main\AndroidManifest.xml:43:13-42
61            android:theme="@style/Theme.PrayerTracker"
61-->src\main\AndroidManifest.xml:45:13-55
62            android:turnScreenOn="true" />
62-->src\main\AndroidManifest.xml:44:13-40
63        <activity
63-->[androidx.compose.ui:ui-tooling-android:1.7.2] AndroidManifest.xml:23:9-25:39
64            android:name="androidx.compose.ui.tooling.PreviewActivity"
64-->[androidx.compose.ui:ui-tooling-android:1.7.2] AndroidManifest.xml:24:13-71
65            android:exported="true" />
65-->[androidx.compose.ui:ui-tooling-android:1.7.2] AndroidManifest.xml:25:13-36
66
67        <provider
67-->[androidx.emoji2:emoji2:1.3.0] AndroidManifest.xml:24:9-32:20
68            android:name="androidx.startup.InitializationProvider"
68-->[androidx.emoji2:emoji2:1.3.0] AndroidManifest.xml:25:13-67
69            android:authorities="com.example.prayertracker.androidx-startup"
69-->[androidx.emoji2:emoji2:1.3.0] AndroidManifest.xml:26:13-68
70            android:exported="false" >
70-->[androidx.emoji2:emoji2:1.3.0] AndroidManifest.xml:27:13-37
71            <meta-data
71-->[androidx.emoji2:emoji2:1.3.0] AndroidManifest.xml:29:13-31:52
72                android:name="androidx.emoji2.text.EmojiCompatInitializer"
72-->[androidx.emoji2:emoji2:1.3.0] AndroidManifest.xml:30:17-75
73                android:value="androidx.startup" />
73-->[androidx.emoji2:emoji2:1.3.0] AndroidManifest.xml:31:17-49
74            <meta-data
74-->[androidx.lifecycle:lifecycle-process:2.8.3] AndroidManifest.xml:29:13-31:52
75                android:name="androidx.lifecycle.ProcessLifecycleInitializer"
75-->[androidx.lifecycle:lifecycle-process:2.8.3] AndroidManifest.xml:30:17-78
76                android:value="androidx.startup" />
76-->[androidx.lifecycle:lifecycle-process:2.8.3] AndroidManifest.xml:31:17-49
77            <meta-data
77-->[androidx.profileinstaller:profileinstaller:1.3.1] AndroidManifest.xml:29:13-31:52
78                android:name="androidx.profileinstaller.ProfileInstallerInitializer"
78-->[androidx.profileinstaller:profileinstaller:1.3.1] AndroidManifest.xml:30:17-85
79                android:value="androidx.startup" />
79-->[androidx.profileinstaller:profileinstaller:1.3.1] AndroidManifest.xml:31:17-49
80        </provider>
81
82        <receiver
82-->[androidx.profileinstaller:profileinstaller:1.3.1] AndroidManifest.xml:34:9-52:20
83            android:name="androidx.profileinstaller.ProfileInstallReceiver"
83-->[androidx.profileinstaller:profileinstaller:1.3.1] AndroidManifest.xml:35:13-76
84            android:directBootAware="false"
84-->[androidx.profileinstaller:profileinstaller:1.3.1] AndroidManifest.xml:36:13-44
85            android:enabled="true"
85-->[androidx.profileinstaller:profileinstaller:1.3.1] AndroidManifest.xml:37:13-35
86            android:exported="true"
86-->[androidx.profileinstaller:profileinstaller:1.3.1] AndroidManifest.xml:38:13-36
87            android:permission="android.permission.DUMP" >
87-->[androidx.profileinstaller:profileinstaller:1.3.1] AndroidManifest.xml:39:13-57
88            <intent-filter>
88-->[androidx.profileinstaller:profileinstaller:1.3.1] AndroidManifest.xml:40:13-42:29
89                <action android:name="androidx.profileinstaller.action.INSTALL_PROFILE" />
89-->[androidx.profileinstaller:profileinstaller:1.3.1] AndroidManifest.xml:41:17-91
89-->[androidx.profileinstaller:profileinstaller:1.3.1] AndroidManifest.xml:41:25-88
90            </intent-filter>
91            <intent-filter>
91-->[androidx.profileinstaller:profileinstaller:1.3.1] AndroidManifest.xml:43:13-45:29
92                <action android:name="androidx.profileinstaller.action.SKIP_FILE" />
92-->[androidx.profileinstaller:profileinstaller:1.3.1] AndroidManifest.xml:44:17-85
92-->[androidx.profileinstaller:profileinstaller:1.3.1] AndroidManifest.xml:44:25-82
93            </intent-filter>
94            <intent-filter>
94-->[androidx.profileinstaller:profileinstaller:1.3.1] AndroidManifest.xml:46:13-48:29
95                <action android:name="androidx.profileinstaller.action.SAVE_PROFILE" />
95-->[androidx.profileinstaller:profileinstaller:1.3.1] AndroidManifest.xml:47:17-88
95-->[androidx.profileinstaller:profileinstaller:1.3.1] AndroidManifest.xml:47:25-85
96            </intent-filter>
97            <intent-filter>
97-->[androidx.profileinstaller:profileinstaller:1.3.1] AndroidManifest.xml:49:13-51:29
98                <action android:name="androidx.profileinstaller.action.BENCHMARK_OPERATION" />
98-->[androidx.profileinstaller:profileinstaller:1.3.1] AndroidManifest.xml:50:17-95
98-->[androidx.profileinstaller:profileinstaller:1.3.1] AndroidManifest.xml:50:25-92
99            </intent-filter>
100        </receiver>
101    </application>
102
103</manifest>